2023-07-31 12:27:45,362 [Worker-5: Loading available Gradle versions] INFO  o.e.b.c.i.u.g.PublishedGradleVersions - Gradle version information cache is out-of-date. Trying to update.
2023-08-18 18:18:34,498 [Worker-2: Loading available Gradle versions] INFO  o.e.b.c.i.u.g.PublishedGradleVersions - Gradle version information cache is up-to-date. Trying to read.
2023-08-18 22:00:56,821 [Worker-0: Loading available Gradle versions] INFO  o.e.b.c.i.u.g.PublishedGradleVersions - Gradle version information cache is out-of-date. Trying to update.
2023-08-18 22:04:39,958 [Worker-5: Import Getting Started Content] INFO  o.e.m.c.i.l.LifecycleMappingFactory - Using org.eclipse.m2e.jdt.JarLifecycleMapping lifecycle mapping for MavenProject: com.tesco:Credit-Limit-Enquiry-Service:0.0.1-SNAPSHOT @ C:\Users\DELL\Documents\workspace-spring-tool-suite-4-4.17.1.RELEASE\CreditCardLimitService\Credit-Limit-Enquiry-Service\pom.xml.
2023-08-18 22:04:47,605 [Worker-5: Import Getting Started Content] INFO  o.e.m.j.i.AbstractJavaProjectConfigurator - Adding source folder /Credit-Limit-Enquiry-Service/src/main/java
2023-08-18 22:04:47,606 [Worker-5: Import Getting Started Content] INFO  o.e.m.j.i.AbstractJavaProjectConfigurator - Adding resource folder /Credit-Limit-Enquiry-Service/src/main/resources
2023-08-18 22:04:47,622 [Worker-5: Import Getting Started Content] INFO  o.e.m.j.i.AbstractJavaProjectConfigurator - Adding resource folder /Credit-Limit-Enquiry-Service/src/main/resources
2023-08-18 22:04:47,642 [Worker-5: Import Getting Started Content] INFO  o.e.m.j.i.AbstractJavaProjectConfigurator - Adding source folder /Credit-Limit-Enquiry-Service/src/test/java
2023-08-18 22:04:55,622 [Worker-5: Import Getting Started Content] INFO  o.e.m.c.i.p.ProjectConfigurationManager - Imported and configured 1 project(s) in 23 sec
2023-08-18 22:04:55,629 [Worker-5: Import Getting Started Content] INFO  o.e.m.c.i.p.ProjectConfigurationManager - Update started
2023-08-18 22:04:56,352 [Worker-5: Import Getting Started Content] INFO  o.e.m.c.i.l.LifecycleMappingFactory - Using org.eclipse.m2e.jdt.JarLifecycleMapping lifecycle mapping for MavenProject: com.tesco:Credit-Limit-Enquiry-Service:0.0.1-SNAPSHOT @ C:\Users\DELL\Documents\workspace-spring-tool-suite-4-4.17.1.RELEASE\CreditCardLimitService\Credit-Limit-Enquiry-Service\pom.xml.
2023-08-18 22:04:57,161 [Worker-5: Import Getting Started Content] INFO  o.e.m.j.i.AbstractJavaProjectConfigurator - Adding source folder /Credit-Limit-Enquiry-Service/src/main/java
2023-08-18 22:04:57,161 [Worker-5: Import Getting Started Content] INFO  o.e.m.j.i.AbstractJavaProjectConfigurator - Adding resource folder /Credit-Limit-Enquiry-Service/src/main/resources
2023-08-18 22:04:57,162 [Worker-5: Import Getting Started Content] INFO  o.e.m.j.i.AbstractJavaProjectConfigurator - Adding resource folder /Credit-Limit-Enquiry-Service/src/main/resources
2023-08-18 22:04:57,165 [Worker-5: Import Getting Started Content] INFO  o.e.m.j.i.AbstractJavaProjectConfigurator - Adding source folder /Credit-Limit-Enquiry-Service/src/test/java
2023-08-18 22:04:58,117 [Worker-5: Import Getting Started Content] INFO  o.e.m.c.i.p.ProjectConfigurationManager - Update completed for 1 poms: local refresh takes 0.00 sec, refresh facades takes 1.00 sec, update config takes 0.00 sec 
2023-08-18 22:04:58,285 [Worker-10: Updating Maven Project] INFO  o.e.m.c.i.p.ProjectConfigurationManager - Update started
2023-08-18 22:04:58,767 [Worker-10: Updating Maven Project] INFO  o.e.m.c.i.l.LifecycleMappingFactory - Using org.eclipse.m2e.jdt.JarLifecycleMapping lifecycle mapping for MavenProject: com.tesco:Credit-Limit-Enquiry-Service:0.0.1-SNAPSHOT @ C:\Users\DELL\Documents\workspace-spring-tool-suite-4-4.17.1.RELEASE\CreditCardLimitService\Credit-Limit-Enquiry-Service\pom.xml.
2023-08-18 22:04:59,434 [Worker-10: Updating Maven Project] INFO  o.e.m.j.i.AbstractJavaProjectConfigurator - Adding source folder /Credit-Limit-Enquiry-Service/src/main/java
2023-08-18 22:04:59,434 [Worker-10: Updating Maven Project] INFO  o.e.m.j.i.AbstractJavaProjectConfigurator - Adding resource folder /Credit-Limit-Enquiry-Service/src/main/resources
2023-08-18 22:04:59,436 [Worker-10: Updating Maven Project] INFO  o.e.m.j.i.AbstractJavaProjectConfigurator - Adding resource folder /Credit-Limit-Enquiry-Service/src/main/resources
